This is pdfTeX, Version 3.1415926-2.3-1.40.12 (MiKTeX 2.9) (preloaded format=pdflatex 2012.2.29)  22 MAR 2012 20:15
entering extended mode
**paper.tex

("C:\Users\Eric\Dropbox\01. Uni\IT Security Privacy Seminar\Uni Proj - Python\0
0. Paper\paper.tex"
LaTeX2e <2011/06/27>
Babel <v3.8m> and hyphenation patterns for english, afrikaans, ancientgreek, ar
abic, armenian, assamese, basque, bengali, bokmal, bulgarian, catalan, coptic, 
croatian, czech, danish, dutch, esperanto, estonian, farsi, finnish, french, ga
lician, german, german-x-2009-06-19, greek, gujarati, hindi, hungarian, iceland
ic, indonesian, interlingua, irish, italian, kannada, kurmanji, lao, latin, lat
vian, lithuanian, malayalam, marathi, mongolian, mongolianlmc, monogreek, ngerm
an, ngerman-x-2009-06-19, nynorsk, oriya, panjabi, pinyin, polish, portuguese, 
romanian, russian, sanskrit, serbian, slovak, slovenian, spanish, swedish, swis
sgerman, tamil, telugu, turkish, turkmen, ukenglish, ukrainian, uppersorbian, u
senglishmax, welsh, loaded.
("C:\Program Files\MiKTeX 2.9\tex\llncs2e\llncs.cls"
Document Class: llncs 2010/07/12 v2.17 
 LaTeX document class for Lecture Notes in Computer Science
("C:\Program Files\MiKTeX 2.9\tex\latex\base\article.cls"
Document Class: article 2007/10/19 v1.4h Standard LaTeX document class
("C:\Program Files\MiKTeX 2.9\tex\latex\base\size10.clo"
File: size10.clo 2007/10/19 v1.4h Standard LaTeX file (size option)
)
\c@part=\count79
\c@section=\count80
\c@subsection=\count81
\c@subsubsection=\count82
\c@paragraph=\count83
\c@subparagraph=\count84
\c@figure=\count85
\c@table=\count86
\abovecaptionskip=\skip41
\belowcaptionskip=\skip42
\bibindent=\dimen102
)
("C:\Program Files\MiKTeX 2.9\tex\latex\tools\multicol.sty"
Package: multicol 2011/06/27 v1.7a multicolumn formatting (FMi)
\c@tracingmulticols=\count87
\mult@box=\box26
\multicol@leftmargin=\dimen103
\c@unbalance=\count88
\c@collectmore=\count89
\doublecol@number=\count90
\multicoltolerance=\count91
\multicolpretolerance=\count92
\full@width=\dimen104
\page@free=\dimen105
\premulticols=\dimen106
\postmulticols=\dimen107
\multicolsep=\skip43
\multicolbaselineskip=\skip44
\partial@page=\box27
\last@line=\box28
\mult@rightbox=\box29
\mult@grightbox=\box30
\mult@gfirstbox=\box31
\mult@firstbox=\box32
\@tempa=\box33
\@tempa=\box34
\@tempa=\box35
\@tempa=\box36
\@tempa=\box37
\@tempa=\box38
\@tempa=\box39
\@tempa=\box40
\@tempa=\box41
\@tempa=\box42
\@tempa=\box43
\@tempa=\box44
\@tempa=\box45
\@tempa=\box46
\@tempa=\box47
\@tempa=\box48
\@tempa=\box49
\c@columnbadness=\count93
\c@finalcolumnbadness=\count94
\last@try=\dimen108
\multicolovershoot=\dimen109
\multicolundershoot=\dimen110
\mult@nat@firstbox=\box50
\colbreak@box=\box51
\multicol@sort@counter=\count95
)
("C:\Program Files\MiKTeX 2.9\tex\latex\oberdiek\aliascnt.sty"
Package: aliascnt 2009/09/08 v1.3 Alias counter (HO)

("C:\Program Files\MiKTeX 2.9\tex\latex\carlisle\remreset.sty"))
\c@chapter=\count96
LaTeX Font Info:    Redeclaring math symbol \Gamma on input line 362.
LaTeX Font Info:    Redeclaring math symbol \Delta on input line 363.
LaTeX Font Info:    Redeclaring math symbol \Theta on input line 364.
LaTeX Font Info:    Redeclaring math symbol \Lambda on input line 365.
LaTeX Font Info:    Redeclaring math symbol \Xi on input line 366.
LaTeX Font Info:    Redeclaring math symbol \Pi on input line 367.
LaTeX Font Info:    Redeclaring math symbol \Sigma on input line 368.
LaTeX Font Info:    Redeclaring math symbol \Upsilon on input line 369.
LaTeX Font Info:    Redeclaring math symbol \Phi on input line 370.
LaTeX Font Info:    Redeclaring math symbol \Psi on input line 371.
LaTeX Font Info:    Redeclaring math symbol \Omega on input line 372.
\tocchpnum=\dimen111
\tocsecnum=\dimen112
\tocsectotal=\dimen113
\tocsubsecnum=\dimen114
\tocsubsectotal=\dimen115
\tocsubsubsecnum=\dimen116
\tocsubsubsectotal=\dimen117
\tocparanum=\dimen118
\tocparatotal=\dimen119
\tocsubparanum=\dimen120
\@tempcntc=\count97
\fnindent=\dimen121
\c@@inst=\count98
\c@@auth=\count99
\c@auco=\count100
\instindent=\dimen122
\authrun=\box52
\authorrunning=\toks14
\tocauthor=\toks15
\titrun=\box53
\titlerunning=\toks16
\toctitle=\toks17
\c@theorem=\count101
\c@case=\count102
\c@conjecture=\count103
\c@corollary=\count104
\c@definition=\count105
\c@example=\count106
\c@exercise=\count107
\c@lemma=\count108
\c@note=\count109
\c@problem=\count110
\c@property=\count111
\c@proposition=\count112
\c@question=\count113
\c@solution=\count114
\c@remark=\count115
\headlineindent=\dimen123
)
("C:\Program Files\MiKTeX 2.9\tex\latex\base\inputenc.sty"
Package: inputenc 2008/03/30 v1.1d Input encoding file
\inpenc@prehook=\toks18
\inpenc@posthook=\toks19

("C:\Program Files\MiKTeX 2.9\tex\latex\base\utf8.def"
File: utf8.def 2008/04/05 v1.1m UTF-8 support for inputenc
Now handling font encoding OML ...
... no UTF-8 mapping file for font encoding OML
Now handling font encoding T1 ...
... processing UTF-8 mapping file for font encoding T1

("C:\Program Files\MiKTeX 2.9\tex\latex\base\t1enc.dfu"
File: t1enc.dfu 2008/04/05 v1.1m UTF-8 support for inputenc
   defining Unicode char U+00A1 (decimal 161)
   defining Unicode char U+00A3 (decimal 163)
   defining Unicode char U+00AB (decimal 171)
   defining Unicode char U+00BB (decimal 187)
   defining Unicode char U+00BF (decimal 191)
   defining Unicode char U+00C0 (decimal 192)
   defining Unicode char U+00C1 (decimal 193)
   defining Unicode char U+00C2 (decimal 194)
   defining Unicode char U+00C3 (decimal 195)
   defining Unicode char U+00C4 (decimal 196)
   defining Unicode char U+00C5 (decimal 197)
   defining Unicode char U+00C6 (decimal 198)
   defining Unicode char U+00C7 (decimal 199)
   defining Unicode char U+00C8 (decimal 200)
   defining Unicode char U+00C9 (decimal 201)
   defining Unicode char U+00CA (decimal 202)
   defining Unicode char U+00CB (decimal 203)
   defining Unicode char U+00CC (decimal 204)
   defining Unicode char U+00CD (decimal 205)
   defining Unicode char U+00CE (decimal 206)
   defining Unicode char U+00CF (decimal 207)
   defining Unicode char U+00D0 (decimal 208)
   defining Unicode char U+00D1 (decimal 209)
   defining Unicode char U+00D2 (decimal 210)
   defining Unicode char U+00D3 (decimal 211)
   defining Unicode char U+00D4 (decimal 212)
   defining Unicode char U+00D5 (decimal 213)
   defining Unicode char U+00D6 (decimal 214)
   defining Unicode char U+00D8 (decimal 216)
   defining Unicode char U+00D9 (decimal 217)
   defining Unicode char U+00DA (decimal 218)
   defining Unicode char U+00DB (decimal 219)
   defining Unicode char U+00DC (decimal 220)
   defining Unicode char U+00DD (decimal 221)
   defining Unicode char U+00DE (decimal 222)
   defining Unicode char U+00DF (decimal 223)
   defining Unicode char U+00E0 (decimal 224)
   defining Unicode char U+00E1 (decimal 225)
   defining Unicode char U+00E2 (decimal 226)
   defining Unicode char U+00E3 (decimal 227)
   defining Unicode char U+00E4 (decimal 228)
   defining Unicode char U+00E5 (decimal 229)
   defining Unicode char U+00E6 (decimal 230)
   defining Unicode char U+00E7 (decimal 231)
   defining Unicode char U+00E8 (decimal 232)
   defining Unicode char U+00E9 (decimal 233)
   defining Unicode char U+00EA (decimal 234)
   defining Unicode char U+00EB (decimal 235)
   defining Unicode char U+00EC (decimal 236)
   defining Unicode char U+00ED (decimal 237)
   defining Unicode char U+00EE (decimal 238)
   defining Unicode char U+00EF (decimal 239)
   defining Unicode char U+00F0 (decimal 240)
   defining Unicode char U+00F1 (decimal 241)
   defining Unicode char U+00F2 (decimal 242)
   defining Unicode char U+00F3 (decimal 243)
   defining Unicode char U+00F4 (decimal 244)
   defining Unicode char U+00F5 (decimal 245)
   defining Unicode char U+00F6 (decimal 246)
   defining Unicode char U+00F8 (decimal 248)
   defining Unicode char U+00F9 (decimal 249)
   defining Unicode char U+00FA (decimal 250)
   defining Unicode char U+00FB (decimal 251)
   defining Unicode char U+00FC (decimal 252)
   defining Unicode char U+00FD (decimal 253)
   defining Unicode char U+00FE (decimal 254)
   defining Unicode char U+00FF (decimal 255)
   defining Unicode char U+0102 (decimal 258)
   defining Unicode char U+0103 (decimal 259)
   defining Unicode char U+0104 (decimal 260)
   defining Unicode char U+0105 (decimal 261)
   defining Unicode char U+0106 (decimal 262)
   defining Unicode char U+0107 (decimal 263)
   defining Unicode char U+010C (decimal 268)
   defining Unicode char U+010D (decimal 269)
   defining Unicode char U+010E (decimal 270)
   defining Unicode char U+010F (decimal 271)
   defining Unicode char U+0110 (decimal 272)
   defining Unicode char U+0111 (decimal 273)
   defining Unicode char U+0118 (decimal 280)
   defining Unicode char U+0119 (decimal 281)
   defining Unicode char U+011A (decimal 282)
   defining Unicode char U+011B (decimal 283)
   defining Unicode char U+011E (decimal 286)
   defining Unicode char U+011F (decimal 287)
   defining Unicode char U+0130 (decimal 304)
   defining Unicode char U+0131 (decimal 305)
   defining Unicode char U+0132 (decimal 306)
   defining Unicode char U+0133 (decimal 307)
   defining Unicode char U+0139 (decimal 313)
   defining Unicode char U+013A (decimal 314)
   defining Unicode char U+013D (decimal 317)
   defining Unicode char U+013E (decimal 318)
   defining Unicode char U+0141 (decimal 321)
   defining Unicode char U+0142 (decimal 322)
   defining Unicode char U+0143 (decimal 323)
   defining Unicode char U+0144 (decimal 324)
   defining Unicode char U+0147 (decimal 327)
   defining Unicode char U+0148 (decimal 328)
   defining Unicode char U+014A (decimal 330)
   defining Unicode char U+014B (decimal 331)
   defining Unicode char U+0150 (decimal 336)
   defining Unicode char U+0151 (decimal 337)
   defining Unicode char U+0152 (decimal 338)
   defining Unicode char U+0153 (decimal 339)
   defining Unicode char U+0154 (decimal 340)
   defining Unicode char U+0155 (decimal 341)
   defining Unicode char U+0158 (decimal 344)
   defining Unicode char U+0159 (decimal 345)
   defining Unicode char U+015A (decimal 346)
   defining Unicode char U+015B (decimal 347)
   defining Unicode char U+015E (decimal 350)
   defining Unicode char U+015F (decimal 351)
   defining Unicode char U+0160 (decimal 352)
   defining Unicode char U+0161 (decimal 353)
   defining Unicode char U+0162 (decimal 354)
   defining Unicode char U+0163 (decimal 355)
   defining Unicode char U+0164 (decimal 356)
   defining Unicode char U+0165 (decimal 357)
   defining Unicode char U+016E (decimal 366)
   defining Unicode char U+016F (decimal 367)
   defining Unicode char U+0170 (decimal 368)
   defining Unicode char U+0171 (decimal 369)
   defining Unicode char U+0178 (decimal 376)
   defining Unicode char U+0179 (decimal 377)
   defining Unicode char U+017A (decimal 378)
   defining Unicode char U+017B (decimal 379)
   defining Unicode char U+017C (decimal 380)
   defining Unicode char U+017D (decimal 381)
   defining Unicode char U+017E (decimal 382)
   defining Unicode char U+200C (decimal 8204)
   defining Unicode char U+2013 (decimal 8211)
   defining Unicode char U+2014 (decimal 8212)
   defining Unicode char U+2018 (decimal 8216)
   defining Unicode char U+2019 (decimal 8217)
   defining Unicode char U+201A (decimal 8218)
   defining Unicode char U+201C (decimal 8220)
   defining Unicode char U+201D (decimal 8221)
   defining Unicode char U+201E (decimal 8222)
   defining Unicode char U+2030 (decimal 8240)
   defining Unicode char U+2031 (decimal 8241)
   defining Unicode char U+2039 (decimal 8249)
   defining Unicode char U+203A (decimal 8250)
   defining Unicode char U+2423 (decimal 9251)
)
Now handling font encoding OT1 ...
... processing UTF-8 mapping file for font encoding OT1

("C:\Program Files\MiKTeX 2.9\tex\latex\base\ot1enc.dfu"
File: ot1enc.dfu 2008/04/05 v1.1m UTF-8 support for inputenc
   defining Unicode char U+00A1 (decimal 161)
   defining Unicode char U+00A3 (decimal 163)
   defining Unicode char U+00B8 (decimal 184)
   defining Unicode char U+00BF (decimal 191)
   defining Unicode char U+00C5 (decimal 197)
   defining Unicode char U+00C6 (decimal 198)
   defining Unicode char U+00D8 (decimal 216)
   defining Unicode char U+00DF (decimal 223)
   defining Unicode char U+00E6 (decimal 230)
   defining Unicode char U+00EC (decimal 236)
   defining Unicode char U+00ED (decimal 237)
   defining Unicode char U+00EE (decimal 238)
   defining Unicode char U+00EF (decimal 239)
   defining Unicode char U+00F8 (decimal 248)
   defining Unicode char U+0131 (decimal 305)
   defining Unicode char U+0141 (decimal 321)
   defining Unicode char U+0142 (decimal 322)
   defining Unicode char U+0152 (decimal 338)
   defining Unicode char U+0153 (decimal 339)
   defining Unicode char U+2013 (decimal 8211)
   defining Unicode char U+2014 (decimal 8212)
   defining Unicode char U+2018 (decimal 8216)
   defining Unicode char U+2019 (decimal 8217)
   defining Unicode char U+201C (decimal 8220)
   defining Unicode char U+201D (decimal 8221)
)
Now handling font encoding OMS ...
... processing UTF-8 mapping file for font encoding OMS

("C:\Program Files\MiKTeX 2.9\tex\latex\base\omsenc.dfu"
File: omsenc.dfu 2008/04/05 v1.1m UTF-8 support for inputenc
   defining Unicode char U+00A7 (decimal 167)
   defining Unicode char U+00B6 (decimal 182)
   defining Unicode char U+00B7 (decimal 183)
   defining Unicode char U+2020 (decimal 8224)
   defining Unicode char U+2021 (decimal 8225)
   defining Unicode char U+2022 (decimal 8226)
)
Now handling font encoding OMX ...
... no UTF-8 mapping file for font encoding OMX
Now handling font encoding U ...
... no UTF-8 mapping file for font encoding U
   defining Unicode char U+00A9 (decimal 169)
   defining Unicode char U+00AA (decimal 170)
   defining Unicode char U+00AE (decimal 174)
   defining Unicode char U+00BA (decimal 186)
   defining Unicode char U+02C6 (decimal 710)
   defining Unicode char U+02DC (decimal 732)
   defining Unicode char U+200C (decimal 8204)
   defining Unicode char U+2026 (decimal 8230)
   defining Unicode char U+2122 (decimal 8482)
   defining Unicode char U+2423 (decimal 9251)
))
("C:\Program Files\MiKTeX 2.9\tex\latex\amsfonts\amssymb.sty"
Package: amssymb 2009/06/22 v3.00

("C:\Program Files\MiKTeX 2.9\tex\latex\amsfonts\amsfonts.sty"
Package: amsfonts 2009/06/22 v3.00 Basic AMSFonts support
\@emptytoks=\toks20
\symAMSa=\mathgroup4
\symAMSb=\mathgroup5
LaTeX Font Info:    Overwriting math alphabet `\mathfrak' in version `bold'
(Font)                  U/euf/m/n --> U/euf/b/n on input line 96.
))
("C:\Program Files\MiKTeX 2.9\tex\latex\graphics\graphicx.sty"
Package: graphicx 1999/02/16 v1.0f Enhanced LaTeX Graphics (DPC,SPQR)

("C:\Program Files\MiKTeX 2.9\tex\latex\graphics\keyval.sty"
Package: keyval 1999/03/16 v1.13 key=value parser (DPC)
\KV@toks@=\toks21
)
("C:\Program Files\MiKTeX 2.9\tex\latex\graphics\graphics.sty"
Package: graphics 2009/02/05 v1.0o Standard LaTeX Graphics (DPC,SPQR)

("C:\Program Files\MiKTeX 2.9\tex\latex\graphics\trig.sty"
Package: trig 1999/03/16 v1.09 sin cos tan (DPC)
)
("C:\Program Files\MiKTeX 2.9\tex\latex\00miktex\graphics.cfg"
File: graphics.cfg 2007/01/18 v1.5 graphics configuration of teTeX/TeXLive
)
Package graphics Info: Driver file: pdftex.def on input line 91.

("C:\Program Files\MiKTeX 2.9\tex\latex\pdftex-def\pdftex.def"
File: pdftex.def 2011/05/27 v0.06d Graphics/color for pdfTeX

("C:\Program Files\MiKTeX 2.9\tex\generic\oberdiek\infwarerr.sty"
Package: infwarerr 2010/04/08 v1.3 Providing info/warning/message (HO)
)
("C:\Program Files\MiKTeX 2.9\tex\generic\oberdiek\ltxcmds.sty"
Package: ltxcmds 2011/04/18 v1.20 LaTeX kernel commands for general use (HO)
)
\Gread@gobject=\count116
))
\Gin@req@height=\dimen124
\Gin@req@width=\dimen125
)
("C:\Program Files\MiKTeX 2.9\tex\latex\rotating\rotating.sty"
Package: rotating 2009/03/28 v2.16a rotated objects in LaTeX

("C:\Program Files\MiKTeX 2.9\tex\latex\base\ifthen.sty"
Package: ifthen 2001/05/26 v1.1c Standard LaTeX ifthen package (DPC)
)
\c@r@tfl@t=\count117
\rotFPtop=\skip45
\rotFPbot=\skip46
\rot@float@box=\box54
\rot@mess@toks=\toks22
)
("C:\Program Files\MiKTeX 2.9\tex\latex\booktabs\booktabs.sty"
Package: booktabs 2005/04/14 v1.61803 publication quality tables
\heavyrulewidth=\dimen126
\lightrulewidth=\dimen127
\cmidrulewidth=\dimen128
\belowrulesep=\dimen129
\belowbottomsep=\dimen130
\aboverulesep=\dimen131
\abovetopsep=\dimen132
\cmidrulesep=\dimen133
\cmidrulekern=\dimen134
\defaultaddspace=\dimen135
\@cmidla=\count118
\@cmidlb=\count119
\@aboverulesep=\dimen136
\@belowrulesep=\dimen137
\@thisruleclass=\count120
\@lastruleclass=\count121
\@thisrulewidth=\dimen138
)
("C:\Program Files\MiKTeX 2.9\tex\latex\multirow\multirow.sty"
\bigstrutjot=\dimen139
)
("C:\Program Files\MiKTeX 2.9\tex\latex\ams\math\amsmath.sty"
Package: amsmath 2000/07/18 v2.13 AMS math features
\@mathmargin=\skip47

For additional information on amsmath, use the `?' option.
("C:\Program Files\MiKTeX 2.9\tex\latex\ams\math\amstext.sty"
Package: amstext 2000/06/29 v2.01

("C:\Program Files\MiKTeX 2.9\tex\latex\ams\math\amsgen.sty"
File: amsgen.sty 1999/11/30 v2.0
\@emptytoks=\toks23
\ex@=\dimen140
))
("C:\Program Files\MiKTeX 2.9\tex\latex\ams\math\amsbsy.sty"
Package: amsbsy 1999/11/29 v1.2d
\pmbraise@=\dimen141
)
("C:\Program Files\MiKTeX 2.9\tex\latex\ams\math\amsopn.sty"
Package: amsopn 1999/12/14 v2.01 operator names
)
\inf@bad=\count122
LaTeX Info: Redefining \frac on input line 211.
\uproot@=\count123
\leftroot@=\count124
LaTeX Info: Redefining \overline on input line 307.
\classnum@=\count125
\DOTSCASE@=\count126
LaTeX Info: Redefining \ldots on input line 379.
LaTeX Info: Redefining \dots on input line 382.
LaTeX Info: Redefining \cdots on input line 467.
\Mathstrutbox@=\box55
\strutbox@=\box56
\big@size=\dimen142
LaTeX Font Info:    Redeclaring font encoding OML on input line 567.
LaTeX Font Info:    Redeclaring font encoding OMS on input line 568.


Package amsmath Warning: Unable to redefine math accent \vec.

\macc@depth=\count127
\c@MaxMatrixCols=\count128
\dotsspace@=\muskip10
\c@parentequation=\count129
\dspbrk@lvl=\count130
\tag@help=\toks24
\row@=\count131
\column@=\count132
\maxfields@=\count133
\andhelp@=\toks25
\eqnshift@=\dimen143
\alignsep@=\dimen144
\tagshift@=\dimen145
\tagwidth@=\dimen146
\totwidth@=\dimen147
\lineht@=\dimen148
\@envbody=\toks26
\multlinegap=\skip48
\multlinetaggap=\skip49
\mathdisplay@stack=\toks27
LaTeX Info: Redefining \[ on input line 2666.
LaTeX Info: Redefining \] on input line 2667.
) ("C:\Program Files\MiKTeX 2.9\tex\latex\listings\listings.sty"
\lst@mode=\count134
\lst@gtempboxa=\box57
\lst@token=\toks28
\lst@length=\count135
\lst@currlwidth=\dimen149
\lst@column=\count136
\lst@pos=\count137
\lst@lostspace=\dimen150
\lst@width=\dimen151
\lst@newlines=\count138
\lst@lineno=\count139
\lst@maxwidth=\dimen152

("C:\Program Files\MiKTeX 2.9\tex\latex\listings\lstmisc.sty"
File: lstmisc.sty 2007/02/22 1.4 (Carsten Heinz)
\c@lstnumber=\count140
\lst@skipnumbers=\count141
\lst@framebox=\box58
)
("C:\Program Files\MiKTeX 2.9\tex\latex\listings\listings.cfg"
File: listings.cfg 2007/02/22 1.4 listings configuration
))
Package: listings 2007/02/22 1.4 (Carsten Heinz)

("C:\Program Files\MiKTeX 2.9\tex\latex\float\float.sty"
Package: float 2001/11/08 v1.3d Float enhancements (AL)
\c@float@type=\count142
\float@exts=\toks29
\float@box=\box59
\@float@everytoks=\toks30
\@floatcapt=\box60
)
("C:\Program Files\MiKTeX 2.9\tex\latex\ltxmisc\url.sty"
\Urlmuskip=\muskip11
Package: url 2006/04/12  ver 3.3  Verb mode for urls, etc.
)
("C:\Users\Eric\Dropbox\01. Uni\IT Security Privacy Seminar\Uni Proj - Python\0
0. Paper\paper.aux"

LaTeX Warning: Label `sec:visualization' multiply defined.

)
LaTeX Font Info:    Checking defaults for OML/cmm/m/it on input line 51.
LaTeX Font Info:    ... okay on input line 51.
LaTeX Font Info:    Checking defaults for T1/cmr/m/n on input line 51.
LaTeX Font Info:    ... okay on input line 51.
LaTeX Font Info:    Checking defaults for OT1/cmr/m/n on input line 51.
LaTeX Font Info:    ... okay on input line 51.
LaTeX Font Info:    Checking defaults for OMS/cmsy/m/n on input line 51.
LaTeX Font Info:    ... okay on input line 51.
LaTeX Font Info:    Checking defaults for OMX/cmex/m/n on input line 51.
LaTeX Font Info:    ... okay on input line 51.
LaTeX Font Info:    Checking defaults for U/cmr/m/n on input line 51.
LaTeX Font Info:    ... okay on input line 51.
 ("C:\Program Files\MiKTeX 2.9\tex\context\base\supp-pdf.mkii"
[Loading MPS to PDF converter (version 2006.09.02).]
\scratchcounter=\count143
\scratchdimen=\dimen153
\scratchbox=\box61
\nofMPsegments=\count144
\nofMParguments=\count145
\everyMPshowfont=\toks31
\MPscratchCnt=\count146
\MPscratchDim=\dimen154
\MPnumerator=\count147
\makeMPintoPDFobject=\count148
\everyMPtoPDFconversion=\toks32
)
\c@lstlisting=\count149
LaTeX Font Info:    Try loading font information for U+msa on input line 98.
 ("C:\Program Files\MiKTeX 2.9\tex\latex\amsfonts\umsa.fd"
File: umsa.fd 2009/06/22 v3.00 AMS symbols A
)
LaTeX Font Info:    Try loading font information for U+msb on input line 98.

("C:\Program Files\MiKTeX 2.9\tex\latex\amsfonts\umsb.fd"
File: umsb.fd 2009/06/22 v3.00 AMS symbols B
) [1


{C:/ProgramData/MiKTeX/2.9/pdftex/config/pdftex.map}] [2] [3] [4] [5]

LaTeX Warning: Command \textendash invalid in math mode on input line 217.

[6] <Bilder/Fry_Graph.png, id=30, 773.89125pt x 498.86375pt>
File: Bilder/Fry_Graph.png Graphic file (type png)

<use Bilder/Fry_Graph.png>
Package pdftex.def Info: Bilder/Fry_Graph.png used on input line 265.
(pdftex.def)             Requested size: 277.69987pt x 179.0123pt.
 [7]
<Bilder/parse_tree.png, id=35, 152.06813pt x 123.46124pt>
File: Bilder/parse_tree.png Graphic file (type png)

<use Bilder/parse_tree.png>
Package pdftex.def Info: Bilder/parse_tree.png used on input line 281.
(pdftex.def)             Requested size: 152.06775pt x 123.46092pt.
 [8 <C:/Users/Eric/Dropbox/01. Uni/IT Security Privacy Seminar/Uni Proj - Pytho
n/00. Paper/Bilder/Fry_Graph.png> <C:/Users/Eric/Dropbox/01. Uni/IT Security Pr
ivacy Seminar/Uni Proj - Python/00. Paper/Bilder/parse_tree.png>] [9] <Bilder/c
hall_chart.png, id=42, 523.9575pt x 289.83281pt>
File: Bilder/chall_chart.png Graphic file (type png)

<use Bilder/chall_chart.png>
Package pdftex.def Info: Bilder/chall_chart.png used on input line 313.
(pdftex.def)             Requested size: 277.69987pt x 153.61507pt.
 [10 <C:/Users/Eric/Dropbox/01. Uni/IT Security Privacy Seminar/Uni Proj - Pyth
on/00. Paper/Bilder/chall_chart.png>]
Underfull \hbox (badness 10000) in paragraph at lines 332--332
 [][]$\OT1/cmtt/m/n/9 http : / / code . google . com / p / nltk / source / brow
se / trunk / nltk _ contrib / nltk _$
 []


Underfull \hbox (badness 10000) in paragraph at lines 351--351
[]\OT1/cmr/m/n/9 def count-New-DaleChall-Word-
 []


Underfull \hbox (badness 10000) in paragraph at lines 352--352
[]\OT1/cmr/m/n/9 def count-New-DaleChall-Word-
 []

<Bilder/Klassendiagramm.png, id=50, 439.04025pt x 302.8113pt>
File: Bilder/Klassendiagramm.png Graphic file (type png)

<use Bilder/Klassendiagramm.png>
Package pdftex.def Info: Bilder/Klassendiagramm.png used on input line 371.
(pdftex.def)             Requested size: 347.12354pt x 239.41698pt.
 [11] [12]
<Bilder/reports2.png, id=57, 552.0625pt x 389.455pt>
File: Bilder/reports2.png Graphic file (type png)
 <use Bilder/reports2.png>
Package pdftex.def Info: Bilder/reports2.png used on input line 391.
(pdftex.def)             Requested size: 347.12354pt x 244.88847pt.

[13 <C:/Users/Eric/Dropbox/01. Uni/IT Security Privacy Seminar/Uni Proj - Pytho
n/00. Paper/Bilder/Klassendiagramm.png>] [14 <C:/Users/Eric/Dropbox/01. Uni/IT 
Security Privacy Seminar/Uni Proj - Python/00. Paper/Bilder/reports2.png>]
<Bilder/word_frequency_50.png, id=66, 799.3062pt x 433.62pt>
File: Bilder/word_frequency_50.png Graphic file (type png)

<use Bilder/word_frequency_50.png>
Package pdftex.def Info: Bilder/word_frequency_50.png used on input line 406.
(pdftex.def)             Requested size: 347.12354pt x 188.3122pt.

Underfull \vbox (badness 10000) has occurred while \output is active []

 [15 <C:/Users/Eric/Dropbox/01. Uni/IT Security Privacy Seminar/Uni Proj - Pyth
on/00. Paper/Bilder/word_frequency_50.png>]
<Bilder/heatmap_alex20_kl.png, id=71, 1129.97156pt x 697.8572pt>
File: Bilder/heatmap_alex20_kl.png Graphic file (type png)

<use Bilder/heatmap_alex20_kl.png>
Package pdftex.def Info: Bilder/heatmap_alex20_kl.png used on input line 425.
(pdftex.def)             Requested size: 347.12354pt x 214.37418pt.

<Bilder/fry_chart_alex20.png, id=72, 490.83376pt x 302.63063pt>
File: Bilder/fry_chart_alex20.png Graphic file (type png)

<use Bilder/fry_chart_alex20.png>
Package pdftex.def Info: Bilder/fry_chart_alex20.png used on input line 436.
(pdftex.def)             Requested size: 347.12354pt x 214.02881pt.


LaTeX Warning: No positions in optional float specifier.
               Default added (so using `htbp') on input line 446.


Underfull \hbox (badness 10000) in paragraph at lines 451--451
[]\OT1/cmr/bx/n/9 Flesch
 []


Underfull \hbox (badness 10000) in paragraph at lines 451--451
\OT1/cmr/bx/n/9 Read-ing
 []


Underfull \hbox (badness 10000) in paragraph at lines 451--451
[]\OT1/cmr/bx/n/9 Flesch-
 []


Overfull \hbox (1.70085pt too wide) in paragraph at lines 451--451
[]\OT1/cmr/bx/n/9 Coleman-
 []


Underfull \hbox (badness 10000) in paragraph at lines 451--451
[]\OT1/cmr/bx/n/9 Gunning
 []


Underfull \hbox (badness 10000) in paragraph at lines 451--451
[]\OT1/cmr/bx/n/9 New
 []


Underfull \hbox (badness 10000) in paragraph at lines 451--451
\OT1/cmr/bx/n/9 Dale
 []


Underfull \hbox (badness 10000) in paragraph at lines 451--451
[]\OT1/cmr/bx/n/9 New
 []


Underfull \hbox (badness 10000) in paragraph at lines 451--451
\OT1/cmr/bx/n/9 Dale
 []


Underfull \hbox (badness 10000) in paragraph at lines 451--451
\OT1/cmr/bx/n/9 Chall
 []


Underfull \hbox (badness 10000) in paragraph at lines 451--451
[]\OT1/cmr/bx/n/9 New
 []


Underfull \hbox (badness 10000) in paragraph at lines 451--451
\OT1/cmr/bx/n/9 Dale
 []


Underfull \hbox (badness 10000) in paragraph at lines 451--451
\OT1/cmr/bx/n/9 Chall
 []


Underfull \hbox (badness 10000) in paragraph at lines 451--451
[]\OT1/cmr/bx/n/9 New
 []


Underfull \hbox (badness 10000) in paragraph at lines 451--451
\OT1/cmr/bx/n/9 Dale
 []


Underfull \hbox (badness 10000) in paragraph at lines 451--451
\OT1/cmr/bx/n/9 Chall
 []


Overfull \hbox (93.30522pt too wide) in paragraph at lines 449--481
 [][][] 
 []

[16] [17 <C:/Users/Eric/Dropbox/01. Uni/IT Security Privacy Seminar/Uni Proj - 
Python/00. Paper/Bilder/heatmap_alex20_kl.png> <C:/Users/Eric/Dropbox/01. Uni/I
T Security Privacy Seminar/Uni Proj - Python/00. Paper/Bilder/fry_chart_alex20.
png>] [18]
<Bilder/dalechall_comparison.png, id=84, 1051.67906pt x 858.95906pt>
File: Bilder/dalechall_comparison.png Graphic file (type png)

<use Bilder/dalechall_comparison.png>
Package pdftex.def Info: Bilder/dalechall_comparison.png used on input line 492
.
(pdftex.def)             Requested size: 347.12354pt x 283.5098pt.

Overfull \hbox (3.84135pt too wide) in paragraph at lines 503--503
[]\OT1/cmr/bx/n/9 Coleman 
 []


Overfull \hbox (3.33023pt too wide) in paragraph at lines 503--503
[]\OT1/cmr/bx/n/9 Gunning 
 []


Underfull \hbox (badness 10000) in paragraph at lines 503--503
\OT1/cmr/bx/n/9 Score
 []


Overfull \hbox (3.92738pt too wide) in paragraph at lines 503--504
[]\OT1/cmr/bx/n/9 SMOG| 
 []


Underfull \vbox (badness 10000) has occurred while \output is active []

 [19 <C:/Users/Eric/Dropbox/01. Uni/IT Security Privacy Seminar/Uni Proj - Pyth
on/00. Paper/Bilder/dalechall_comparison.png>]
<Bilder/google_over_time_diagram.png, id=90, 613.54219pt x 385.44pt>
File: Bilder/google_over_time_diagram.png Graphic file (type png)

<use Bilder/google_over_time_diagram.png>
Package pdftex.def Info: Bilder/google_over_time_diagram.png used on input line
 521.
(pdftex.def)             Requested size: 347.12354pt x 218.06807pt.
 [20]
<Bilder/google_over_time.png, id=94, 589.0005pt x 363.15675pt>
File: Bilder/google_over_time.png Graphic file (type png)

<use Bilder/google_over_time.png>
Package pdftex.def Info: Bilder/google_over_time.png used on input line 535.
(pdftex.def)             Requested size: 347.12354pt x 214.03342pt.
 [21 <C:/Users/Eric/Dropbox/01. Uni/IT Security Privacy Seminar/Uni Proj - Pyth
on/00. Paper/Bilder/google_over_time_diagram.png>]

LaTeX Warning: No positions in optional float specifier.
               Default added (so using `htbp') on input line 549.


Underfull \hbox (badness 10000) in paragraph at lines 554--554
[]\OT1/cmr/bx/n/9 Flesch
 []


Underfull \hbox (badness 10000) in paragraph at lines 554--554
\OT1/cmr/bx/n/9 Read-
 []


Underfull \hbox (badness 10000) in paragraph at lines 554--554
\OT1/cmr/bx/n/9 ing
 []


Underfull \hbox (badness 10000) in paragraph at lines 554--554
[]\OT1/cmr/bx/n/9 Flesch-
 []


Overfull \hbox (1.84866pt too wide) in paragraph at lines 554--554
\OT1/cmr/bx/n/9 Kincaid| 
 []


Overfull \hbox (1.70085pt too wide) in paragraph at lines 554--554
[]\OT1/cmr/bx/n/9 Coleman-
 []


Overfull \hbox (1.08192pt too wide) in paragraph at lines 554--554
[]\OT1/cmr/bx/n/9 SMOG| 
 []


Underfull \hbox (badness 10000) in paragraph at lines 554--554
[]\OT1/cmr/bx/n/9 NDC
 []


Underfull \hbox (badness 10000) in paragraph at lines 554--554
[]\OT1/cmr/bx/n/9 NDC
 []


Underfull \hbox (badness 10000) in paragraph at lines 554--554
\OT1/cmr/bx/n/9 en-
 []


Overfull \hbox (1.24857pt too wide) in paragraph at lines 554--554
\OT1/cmr/bx/n/9 hanced| 
 []


Underfull \hbox (badness 10000) in paragraph at lines 554--555
[]\OT1/cmr/bx/n/9 NDC
 []


Underfull \hbox (badness 10000) in paragraph at lines 554--555
\OT1/cmr/bx/n/9 grade
 []


Underfull \hbox (badness 10000) in paragraph at lines 554--555
\OT1/cmr/bx/n/9 en-
 []


Overfull \hbox (1.24857pt too wide) in paragraph at lines 554--555
\OT1/cmr/bx/n/9 hanced| 
 []


Underfull \vbox (badness 10000) has occurred while \output is active []

 [22 <C:/Users/Eric/Dropbox/01. Uni/IT Security Privacy Seminar/Uni Proj - Pyth
on/00. Paper/Bilder/google_over_time.png>] [23] [24]
("C:\Users\Eric\Dropbox\01. Uni\IT Security Privacy Seminar\Uni Proj - Python\0
0. Paper\paper.bbl"
Underfull \hbox (badness 10000) in paragraph at lines 6--8
[]\OT1/cmr/m/n/9 Safe har-bor in-for-ma-tion: Google inc., $\OT1/cmtt/m/n/9 htt
p : / / safeharbor . export . gov /$
 []


Underfull \hbox (badness 2057) in paragraph at lines 10--12
[]\OT1/cmr/m/n/9 U.s. eu safe har-bor overview, $\OT1/cmtt/m/n/9 http : / / exp
ort . gov / safeharbor / eu / eg _ main _$
 []


Underfull \hbox (badness 10000) in paragraph at lines 14--16
[]\OT1/cmr/m/n/9 The dec-la-ra-tion of in-de-pen-dence (1776), $\OT1/cmtt/m/n/9
 http : / / www . ushistory . org /$
 []


Underfull \hbox (badness 5908) in paragraph at lines 44--47
\OT1/cmr/m/n/9 (2004), $\OT1/cmtt/m/n/9 http : / / scholar . google . com / sch
olar ? hl = en&btnG = Search&q = intitle :$
 []

[25]
Underfull \hbox (badness 10000) in paragraph at lines 158--160
[]\OT1/cmr/m/n/9 Whitten, A.: Up-dat-ing our pri-vacy poli-cies and terms of
 []


Underfull \hbox (badness 10000) in paragraph at lines 158--160
\OT1/cmr/m/n/9 ser-vice (2012), $\OT1/cmtt/m/n/9 http : / / googleblog . blogsp
ot . com / 2012 / 01 /$
 []

[26]) [27]
("C:\Users\Eric\Dropbox\01. Uni\IT Security Privacy Seminar\Uni Proj - Python\0
0. Paper\paper.aux")

LaTeX Warning: There were multiply-defined labels.

 ) 
Here is how much of TeX's memory you used:
 4387 strings out of 494045
 57245 string characters out of 3148435
 152710 words of memory out of 3000000
 7602 multiletter control sequences out of 15000+200000
 11125 words of font info for 43 fonts, out of 3000000 for 9000
 715 hyphenation exceptions out of 8191
 29i,13n,32p,1359b,354s stack positions out of 5000i,500n,10000p,200000b,50000s
<C:/Program Files/MiKTeX 2.9/fonts/type1/public/amsfonts/cm/cmbx10.pfb><C:/Pr
ogram Files/MiKTeX 2.9/fonts/type1/public/amsfonts/cm/cmbx12.pfb><C:/Program Fi
les/MiKTeX 2.9/fonts/type1/public/amsfonts/cm/cmbx9.pfb><C:/Program Files/MiKTe
X 2.9/fonts/type1/public/amsfonts/cm/cmex10.pfb><C:/Program Files/MiKTeX 2.9/fo
nts/type1/public/amsfonts/cm/cmmi10.pfb><C:/Program Files/MiKTeX 2.9/fonts/type
1/public/amsfonts/cm/cmr10.pfb><C:/Program Files/MiKTeX 2.9/fonts/type1/public/
amsfonts/cm/cmr6.pfb><C:/Program Files/MiKTeX 2.9/fonts/type1/public/amsfonts/c
m/cmr7.pfb><C:/Program Files/MiKTeX 2.9/fonts/type1/public/amsfonts/cm/cmr9.pfb
><C:/Program Files/MiKTeX 2.9/fonts/type1/public/amsfonts/cm/cmsy10.pfb><C:/Pro
gram Files/MiKTeX 2.9/fonts/type1/public/amsfonts/cm/cmti10.pfb><C:/Program Fil
es/MiKTeX 2.9/fonts/type1/public/amsfonts/cm/cmti9.pfb><C:/Program Files/MiKTeX
 2.9/fonts/type1/public/amsfonts/cm/cmtt9.pfb>
Output written on paper.pdf (27 pages, 1164229 bytes).
PDF statistics:
 159 PDF objects out of 1000 (max. 8388607)
 0 named destinations out of 1000 (max. 500000)
 56 words of extra memory for PDF output out of 10000 (max. 10000000)

